<?xml version="1.0" encoding="UTF-8"?>
<!-- Generated by org.testng.reporters.JUnitReportReporter -->
<testsuite hostname="masterqa" name="pe.com.test.seleniumwd.ProductoWebDriverTest" tests="1" failures="0" timestamp="18 May 2019 18:01:00 GMT" time="14.274" errors="0">
  <testcase name="listar" time="14.274" classname="pe.com.test.seleniumwd.ProductoWebDriverTest"/>
</testsuite> <!-- pe.com.test.seleniumwd.ProductoWebDriverTest -->
