<?xml version="1.0" encoding="UTF-8"?>
<!-- Generated by org.testng.reporters.JUnitReportReporter -->
<testsuite hostname="masterqa" name="pe.com.test.seleniumwd.CategoriaWebDriverTest" tests="2" failures="0" timestamp="26 Sep 2019 05:25:51 GMT" time="23.800" errors="0">
  <testcase name="insertarCategoria_FlujoAlternativo" time="10.737" classname="pe.com.test.seleniumwd.CategoriaWebDriverTest"/>
  <testcase name="insertarCategoria_FlujoBasico" time="13.063" classname="pe.com.test.seleniumwd.CategoriaWebDriverTest"/>
</testsuite> <!-- pe.com.test.seleniumwd.CategoriaWebDriverTest -->
